<?xml version="1.0" encoding="UTF-8"?>
<!-- Generated by org.testng.reporters.JUnitXMLReporter -->
<testsuite ignored="0" hostname="LAPTOP-OMTCFCJJ" failures="0" tests="1" name="FirefoxTest" time="0.242" errors="0" timestamp="2020-10-12T11:23:28 KST">
  <testcase classname="parallelTest.CrossBrowserScript" name="@BeforeTest setup" time="0.182">
    <failure type="org.openqa.selenium.WebDriverException" message="Cannot find firefox binary in PATH. Make sure firefox is installed. OS appears to be: WIN10
Build info: version: &amp;apos;4.0.0-alpha-6&amp;apos;, revision: &amp;apos;5f43a29cfc&amp;apos;
System info: host: &amp;apos;LAPTOP-OMTCFCJJ&amp;apos;, ip: &amp;apos;10.11.226.90&amp;apos;, os.name: &amp;apos;Windows 10&amp;apos;, os.arch: &amp;apos;amd64&amp;apos;, os.version: &amp;apos;10.0&amp;apos;, java.version: &amp;apos;14.0.2&amp;apos;
Driver info: driver.version: FirefoxDriver">
      <![CDATA[org.openqa.selenium.WebDriverException: Cannot find firefox binary in PATH. Make sure firefox is installed. OS appears to be: WIN10
Build info: version: '4.0.0-alpha-6', revision: '5f43a29cfc'
System info: host: 'LAPTOP-OMTCFCJJ', ip: '10.11.226.90', os.name: 'Windows 10', os.arch: 'amd64', os.version: '10.0', java.version: '14.0.2'
Driver info: driver.version: FirefoxDriver
at org.openqa.selenium.firefox.FirefoxBinary.<init>(FirefoxBinary.java:95)
at java.base/java.util.Optional.orElseGet(Unknown Source)
at org.openqa.selenium.firefox.FirefoxOptions.getBinary(FirefoxOptions.java:199)
at org.openqa.selenium.firefox.xpi.XpiDriverService$Builder.withOptions(XpiDriverService.java:397)
at org.openqa.selenium.firefox.FirefoxDriver.toExecutor(FirefoxDriver.java:206)
at org.openqa.selenium.firefox.FirefoxDriver.<init>(FirefoxDriver.java:176)
at org.openqa.selenium.firefox.FirefoxDriver.<init>(FirefoxDriver.java:154)
at parallelTest.CrossBrowserScript.setup(CrossBrowserScript.java:31)
at java.base/java.util.concurrent.FutureTask.run(Unknown Source)
at java.base/java.util.concurrent.ThreadPoolExecutor.runWorker(Unknown Source)
at java.base/java.util.concurrent.ThreadPoolExecutor$Worker.run(Unknown Source)
at java.base/java.lang.Thread.run(Unknown Source)
... Removed 15 stack frames]]>
    </failure>
  </testcase> <!-- @BeforeTest setup -->
  <testcase classname="parallelTest.CrossBrowserScript" name="testParameterWithXML" time="0.0">
    <skipped/>
  </testcase> <!-- testParameterWithXML -->
</testsuite> <!-- FirefoxTest -->
